-----------------------
grep time is :Thu May  4 11:40:05 2017

packet length is 90
packet is :

-----------------------
-----------------------
grep time is :Thu May  4 11:40:05 2017

packet length is 60
packet is :
ÿÿÿÿÿÿ
-----------------------
-----------------------
grep time is :Thu May  4 11:40:05 2017

packet length is 42
packet is :

-----------------------
-----------------------
grep time is :Thu May  4 11:40:05 2017

packet length is 90
packet is :

-----------------------
-----------------------
grep time is :Thu May  4 11:40:37 2017

packet length is 90
packet is :

-----------------------
-----------------------
grep time is :Thu May  4 11:40:43 2017

packet length is 42
packet is :

-----------------------
-----------------------
grep time is :Thu May  4 11:40:43 2017

packet length is 60
packet is :

-----------------------
